Copyright 1986-2017 Xilinx, Inc. All Rights Reserved.
------------------------------------------------------------------------------------------------------------------------------------------------
| Tool Version : Vivado v.2017.3 (win64) Build 2018833 Wed Oct  4 19:58:22 MDT 2017
| Date         : Tue Nov 28 13:44:55 2023
| Host         : DESKTOP-JSVIPOD running 64-bit major release  (build 9200)
| Command      : report_drc -file zynq_system_wrapper_drc_opted.rpt -pb zynq_system_wrapper_drc_opted.pb -rpx zynq_system_wrapper_drc_opted.rpx
| Design       : zynq_system_wrapper
| Device       : xc7z020clg484-1
| Speed File   : -1
| Design State : Synthesized
------------------------------------------------------------------------------------------------------------------------------------------------

Report DRC

Table of Contents
-----------------
1. REPORT SUMMARY
2. REPORT DETAILS

1. REPORT SUMMARY
-----------------
            Netlist: netlist
          Floorplan: design_1
      Design limits: <entire design considered>
           Ruledeck: default
             Max violations: <unlimited>
             Violations found: 43
+-----------+----------+-------------------------------------------------------------------+------------+
| Rule      | Severity | Description                                                       | Violations |
+-----------+----------+-------------------------------------------------------------------+------------+
| CHECK-3   | Warning  | Report rule limit reached                                         | 1          |
| DPIP-1    | Warning  | Input pipelining                                                  | 9          |
| DPOP-1    | Warning  | PREG Output pipelining                                            | 6          |
| DPOP-2    | Warning  | MREG Output pipelining                                            | 4          |
| DPREG-4   | Warning  | DSP48E1_PregDynOpmodeZmuxP:                                       | 1          |
| REQP-1839 | Warning  | RAMB36 async control check                                        | 20         |
| AVAL-4    | Advisory | enum_USE_DPORT_FALSE_enum_DREG_ADREG_0_connects_CED_CEAD_RSTD_GND | 1          |
| REQP-1725 | Advisory | DSP_Abus_sign_bit_alert                                           | 1          |
+-----------+----------+-------------------------------------------------------------------+------------+

2. REPORT DETAILS
-----------------
CHECK-3#1 Warning
Report rule limit reached  
REQP-1839 rule limit reached: 20 violations have been found.
Related violations: <none>

DPIP-1#1 Warning
Input pipelining  
DSP zynq_system_i/mips_core_0/inst/cpu_top/EXE/fp_add/U0/i_synth/ADDSUB_OP.ADDSUB/SPEED_OP.DSP.OP/DSP48E1_BODY.ALIGN_ADD/DSP2/DSP input zynq_system_i/mips_core_0/inst/cpu_top/EXE/fp_add/U0/i_synth/ADDSUB_OP.ADDSUB/SPEED_OP.DSP.OP/DSP48E1_BODY.ALIGN_ADD/DSP2/DSP/A[29:0] is not pipelined. Pipelining DSP48 input will improve performance.
Related violations: <none>

DPIP-1#2 Warning
Input pipelining  
DSP zynq_system_i/mips_core_0/inst/cpu_top/EXE/fp_add/U0/i_synth/ADDSUB_OP.ADDSUB/SPEED_OP.DSP.OP/DSP48E1_BODY.ALIGN_ADD/DSP2/DSP input zynq_system_i/mips_core_0/inst/cpu_top/EXE/fp_add/U0/i_synth/ADDSUB_OP.ADDSUB/SPEED_OP.DSP.OP/DSP48E1_BODY.ALIGN_ADD/DSP2/DSP/B[17:0] is not pipelined. Pipelining DSP48 input will improve performance.
Related violations: <none>

DPIP-1#3 Warning
Input pipelining  
DSP zynq_system_i/mips_core_0/inst/cpu_top/EXE/fp_add/U0/i_synth/ADDSUB_OP.ADDSUB/SPEED_OP.DSP.OP/DSP48E1_BODY.ALIGN_ADD/DSP2/DSP input zynq_system_i/mips_core_0/inst/cpu_top/EXE/fp_add/U0/i_synth/ADDSUB_OP.ADDSUB/SPEED_OP.DSP.OP/DSP48E1_BODY.ALIGN_ADD/DSP2/DSP/C[47:0] is not pipelined. Pipelining DSP48 input will improve performance.
Related violations: <none>

DPIP-1#4 Warning
Input pipelining  
DSP zynq_system_i/mips_core_0/inst/cpu_top/EXE/fp_add/U0/i_synth/ADDSUB_OP.ADDSUB/SPEED_OP.DSP.OP/DSP48E1_BODY.NORM_RND/FULL_USAGE_DSP.SHIFT_RND/DSP input zynq_system_i/mips_core_0/inst/cpu_top/EXE/fp_add/U0/i_synth/ADDSUB_OP.ADDSUB/SPEED_OP.DSP.OP/DSP48E1_BODY.NORM_RND/FULL_USAGE_DSP.SHIFT_RND/DSP/A[29:0] is not pipelined. Pipelining DSP48 input will improve performance.
Related violations: <none>

DPIP-1#5 Warning
Input pipelining  
DSP zynq_system_i/mips_core_0/inst/cpu_top/EXE/fp_add/U0/i_synth/ADDSUB_OP.ADDSUB/SPEED_OP.DSP.OP/DSP48E1_BODY.NORM_RND/FULL_USAGE_DSP.SHIFT_RND/DSP input zynq_system_i/mips_core_0/inst/cpu_top/EXE/fp_add/U0/i_synth/ADDSUB_OP.ADDSUB/SPEED_OP.DSP.OP/DSP48E1_BODY.NORM_RND/FULL_USAGE_DSP.SHIFT_RND/DSP/B[17:0] is not pipelined. Pipelining DSP48 input will improve performance.
Related violations: <none>

DPIP-1#6 Warning
Input pipelining  
DSP zynq_system_i/mips_core_0/inst/cpu_top/EXE/fp_add/U0/i_synth/ADDSUB_OP.ADDSUB/SPEED_OP.DSP.OP/DSP48E1_BODY.NORM_RND/FULL_USAGE_DSP.SHIFT_RND/DSP input zynq_system_i/mips_core_0/inst/cpu_top/EXE/fp_add/U0/i_synth/ADDSUB_OP.ADDSUB/SPEED_OP.DSP.OP/DSP48E1_BODY.NORM_RND/FULL_USAGE_DSP.SHIFT_RND/DSP/C[47:0] is not pipelined. Pipelining DSP48 input will improve performance.
Related violations: <none>

DPIP-1#7 Warning
Input pipelining  
DSP zynq_system_i/mips_core_0/inst/cpu_top/EXE/fp_mul/U0/i_synth/MULT.OP/MULT/MULT_GEN_VARIANT.FIX_MULT/MULT/gDSP.gDSP_only.iDSP/use_prim.appDSP48[0].bppDSP48[0].use_dsp.use_dsp48e1.iDSP48E1 input zynq_system_i/mips_core_0/inst/cpu_top/EXE/fp_mul/U0/i_synth/MULT.OP/MULT/MULT_GEN_VARIANT.FIX_MULT/MULT/gDSP.gDSP_only.iDSP/use_prim.appDSP48[0].bppDSP48[0].use_dsp.use_dsp48e1.iDSP48E1/A[29:0] is not pipelined. Pipelining DSP48 input will improve performance.
Related violations: <none>

DPIP-1#8 Warning
Input pipelining  
DSP zynq_system_i/mips_core_0/inst/cpu_top/EXE/fp_mul/U0/i_synth/MULT.OP/MULT/MULT_GEN_VARIANT.FIX_MULT/MULT/gDSP.gDSP_only.iDSP/use_prim.appDSP48[0].bppDSP48[0].use_dsp.use_dsp48e1.iDSP48E1 input zynq_system_i/mips_core_0/inst/cpu_top/EXE/fp_mul/U0/i_synth/MULT.OP/MULT/MULT_GEN_VARIANT.FIX_MULT/MULT/gDSP.gDSP_only.iDSP/use_prim.appDSP48[0].bppDSP48[0].use_dsp.use_dsp48e1.iDSP48E1/B[17:0] is not pipelined. Pipelining DSP48 input will improve performance.
Related violations: <none>

DPIP-1#9 Warning
Input pipelining  
DSP zynq_system_i/mips_core_0/inst/cpu_top/EXE/fp_mul/U0/i_synth/MULT.OP/MULT/MULT_GEN_VARIANT.FIX_MULT/MULT/gDSP.gDSP_only.iDSP/use_prim.appDSP48[0].bppDSP48[1].use_dsp.use_dsp48e1.iDSP48E1 input zynq_system_i/mips_core_0/inst/cpu_top/EXE/fp_mul/U0/i_synth/MULT.OP/MULT/MULT_GEN_VARIANT.FIX_MULT/MULT/gDSP.gDSP_only.iDSP/use_prim.appDSP48[0].bppDSP48[1].use_dsp.use_dsp48e1.iDSP48E1/B[17:0] is not pipelined. Pipelining DSP48 input will improve performance.
Related violations: <none>

DPOP-1#1 Warning
PREG Output pipelining  
DSP zynq_system_i/mips_core_0/inst/cpu_top/EXE/fp_add/U0/i_synth/ADDSUB_OP.ADDSUB/SPEED_OP.DSP.OP/DSP48E1_BODY.ALIGN_ADD/DSP2/DSP output zynq_system_i/mips_core_0/inst/cpu_top/EXE/fp_add/U0/i_synth/ADDSUB_OP.ADDSUB/SPEED_OP.DSP.OP/DSP48E1_BODY.ALIGN_ADD/DSP2/DSP/PATTERNDETECT is not pipelined (PREG=0). Pipelining the DSP48 output will improve performance and often saves power so it is suggested whenever possible to fully pipeline this function.  If this DSP48 function was inferred, it is suggested to describe an additional register stage after this function.  If the DSP48 was instantiated in the design, it is suggested to set the PREG attribute to 1.
Related violations: <none>

DPOP-1#2 Warning
PREG Output pipelining  
DSP zynq_system_i/mips_core_0/inst/cpu_top/EXE/fp_add/U0/i_synth/ADDSUB_OP.ADDSUB/SPEED_OP.DSP.OP/DSP48E1_BODY.ALIGN_ADD/DSP2/DSP output zynq_system_i/mips_core_0/inst/cpu_top/EXE/fp_add/U0/i_synth/ADDSUB_OP.ADDSUB/SPEED_OP.DSP.OP/DSP48E1_BODY.ALIGN_ADD/DSP2/DSP/P[47:0] is not pipelined (PREG=0). Pipelining the DSP48 output will improve performance and often saves power so it is suggested whenever possible to fully pipeline this function.  If this DSP48 function was inferred, it is suggested to describe an additional register stage after this function.  If the DSP48 was instantiated in the design, it is suggested to set the PREG attribute to 1.
Related violations: <none>

DPOP-1#3 Warning
PREG Output pipelining  
DSP zynq_system_i/mips_core_0/inst/cpu_top/EXE/fp_add/U0/i_synth/ADDSUB_OP.ADDSUB/SPEED_OP.DSP.OP/DSP48E1_BODY.NORM_RND/FULL_USAGE_DSP.SHIFT_RND/DSP output zynq_system_i/mips_core_0/inst/cpu_top/EXE/fp_add/U0/i_synth/ADDSUB_OP.ADDSUB/SPEED_OP.DSP.OP/DSP48E1_BODY.NORM_RND/FULL_USAGE_DSP.SHIFT_RND/DSP/P[47:0] is not pipelined (PREG=0). Pipelining the DSP48 output will improve performance and often saves power so it is suggested whenever possible to fully pipeline this function.  If this DSP48 function was inferred, it is suggested to describe an additional register stage after this function.  If the DSP48 was instantiated in the design, it is suggested to set the PREG attribute to 1.
Related violations: <none>

DPOP-1#4 Warning
PREG Output pipelining  
DSP zynq_system_i/mips_core_0/inst/cpu_top/EXE/fp_mul/U0/i_synth/MULT.OP/MULT/MULT_GEN_VARIANT.FIX_MULT/MULT/gDSP.gDSP_only.iDSP/use_prim.appDSP48[0].bppDSP48[0].use_dsp.use_dsp48e1.iDSP48E1 output zynq_system_i/mips_core_0/inst/cpu_top/EXE/fp_mul/U0/i_synth/MULT.OP/MULT/MULT_GEN_VARIANT.FIX_MULT/MULT/gDSP.gDSP_only.iDSP/use_prim.appDSP48[0].bppDSP48[0].use_dsp.use_dsp48e1.iDSP48E1/PATTERNDETECT is not pipelined (PREG=0). Pipelining the DSP48 output will improve performance and often saves power so it is suggested whenever possible to fully pipeline this function.  If this DSP48 function was inferred, it is suggested to describe an additional register stage after this function.  If the DSP48 was instantiated in the design, it is suggested to set the PREG attribute to 1.
Related violations: <none>

DPOP-1#5 Warning
PREG Output pipelining  
DSP zynq_system_i/mips_core_0/inst/cpu_top/EXE/fp_mul/U0/i_synth/MULT.OP/MULT/MULT_GEN_VARIANT.FIX_MULT/MULT/gDSP.gDSP_only.iDSP/use_prim.appDSP48[0].bppDSP48[1].use_dsp.use_dsp48e1.iDSP48E1 output zynq_system_i/mips_core_0/inst/cpu_top/EXE/fp_mul/U0/i_synth/MULT.OP/MULT/MULT_GEN_VARIANT.FIX_MULT/MULT/gDSP.gDSP_only.iDSP/use_prim.appDSP48[0].bppDSP48[1].use_dsp.use_dsp48e1.iDSP48E1/PATTERNDETECT is not pipelined (PREG=0). Pipelining the DSP48 output will improve performance and often saves power so it is suggested whenever possible to fully pipeline this function.  If this DSP48 function was inferred, it is suggested to describe an additional register stage after this function.  If the DSP48 was instantiated in the design, it is suggested to set the PREG attribute to 1.
Related violations: <none>

DPOP-1#6 Warning
PREG Output pipelining  
DSP zynq_system_i/mips_core_0/inst/cpu_top/EXE/fp_mul/U0/i_synth/MULT.OP/MULT/MULT_GEN_VARIANT.FIX_MULT/MULT/gDSP.gDSP_only.iDSP/use_prim.appDSP48[0].bppDSP48[1].use_dsp.use_dsp48e1.iDSP48E1 output zynq_system_i/mips_core_0/inst/cpu_top/EXE/fp_mul/U0/i_synth/MULT.OP/MULT/MULT_GEN_VARIANT.FIX_MULT/MULT/gDSP.gDSP_only.iDSP/use_prim.appDSP48[0].bppDSP48[1].use_dsp.use_dsp48e1.iDSP48E1/P[47:0] is not pipelined (PREG=0). Pipelining the DSP48 output will improve performance and often saves power so it is suggested whenever possible to fully pipeline this function.  If this DSP48 function was inferred, it is suggested to describe an additional register stage after this function.  If the DSP48 was instantiated in the design, it is suggested to set the PREG attribute to 1.
Related violations: <none>

DPOP-2#1 Warning
MREG Output pipelining  
DSP zynq_system_i/mips_core_0/inst/cpu_top/EXE/fp_add/U0/i_synth/ADDSUB_OP.ADDSUB/SPEED_OP.DSP.OP/DSP48E1_BODY.NORM_RND/FULL_USAGE_DSP.SHIFT_RND/DSP multiplier stage zynq_system_i/mips_core_0/inst/cpu_top/EXE/fp_add/U0/i_synth/ADDSUB_OP.ADDSUB/SPEED_OP.DSP.OP/DSP48E1_BODY.NORM_RND/FULL_USAGE_DSP.SHIFT_RND/DSP/P[47:0] is not pipelined (MREG=0). Pipelining the multiplier function will improve performance and will save significant power so it is suggested whenever possible to fully pipeline this function.  If this multiplier was inferred, it is suggested to describe an additional register stage after this function.  If there is no registered adder/accumulator following the multiply function, two pipeline stages are suggested to allow both the MREG and PREG registers to be used.  If the DSP48 was instantiated in the design, it is suggested to set both the MREG and PREG attributes to 1 when performing multiply functions.
Related violations: <none>

DPOP-2#2 Warning
MREG Output pipelining  
DSP zynq_system_i/mips_core_0/inst/cpu_top/EXE/fp_mul/U0/i_synth/MULT.OP/MULT/MULT_GEN_VARIANT.FIX_MULT/MULT/gDSP.gDSP_only.iDSP/use_prim.appDSP48[0].bppDSP48[0].use_dsp.use_dsp48e1.iDSP48E1 multiplier stage zynq_system_i/mips_core_0/inst/cpu_top/EXE/fp_mul/U0/i_synth/MULT.OP/MULT/MULT_GEN_VARIANT.FIX_MULT/MULT/gDSP.gDSP_only.iDSP/use_prim.appDSP48[0].bppDSP48[0].use_dsp.use_dsp48e1.iDSP48E1/PATTERNDETECT is not pipelined (MREG=0). Pipelining the multiplier function will improve performance and will save significant power so it is suggested whenever possible to fully pipeline this function.  If this multiplier was inferred, it is suggested to describe an additional register stage after this function.  If there is no registered adder/accumulator following the multiply function, two pipeline stages are suggested to allow both the MREG and PREG registers to be used.  If the DSP48 was instantiated in the design, it is suggested to set both the MREG and PREG attributes to 1 when performing multiply functions.
Related violations: <none>

DPOP-2#3 Warning
MREG Output pipelining  
DSP zynq_system_i/mips_core_0/inst/cpu_top/EXE/fp_mul/U0/i_synth/MULT.OP/MULT/MULT_GEN_VARIANT.FIX_MULT/MULT/gDSP.gDSP_only.iDSP/use_prim.appDSP48[0].bppDSP48[1].use_dsp.use_dsp48e1.iDSP48E1 multiplier stage zynq_system_i/mips_core_0/inst/cpu_top/EXE/fp_mul/U0/i_synth/MULT.OP/MULT/MULT_GEN_VARIANT.FIX_MULT/MULT/gDSP.gDSP_only.iDSP/use_prim.appDSP48[0].bppDSP48[1].use_dsp.use_dsp48e1.iDSP48E1/PATTERNDETECT is not pipelined (MREG=0). Pipelining the multiplier function will improve performance and will save significant power so it is suggested whenever possible to fully pipeline this function.  If this multiplier was inferred, it is suggested to describe an additional register stage after this function.  If there is no registered adder/accumulator following the multiply function, two pipeline stages are suggested to allow both the MREG and PREG registers to be used.  If the DSP48 was instantiated in the design, it is suggested to set both the MREG and PREG attributes to 1 when performing multiply functions.
Related violations: <none>

DPOP-2#4 Warning
MREG Output pipelining  
DSP zynq_system_i/mips_core_0/inst/cpu_top/EXE/fp_mul/U0/i_synth/MULT.OP/MULT/MULT_GEN_VARIANT.FIX_MULT/MULT/gDSP.gDSP_only.iDSP/use_prim.appDSP48[0].bppDSP48[1].use_dsp.use_dsp48e1.iDSP48E1 multiplier stage zynq_system_i/mips_core_0/inst/cpu_top/EXE/fp_mul/U0/i_synth/MULT.OP/MULT/MULT_GEN_VARIANT.FIX_MULT/MULT/gDSP.gDSP_only.iDSP/use_prim.appDSP48[0].bppDSP48[1].use_dsp.use_dsp48e1.iDSP48E1/P[47:0] is not pipelined (MREG=0). Pipelining the multiplier function will improve performance and will save significant power so it is suggested whenever possible to fully pipeline this function.  If this multiplier was inferred, it is suggested to describe an additional register stage after this function.  If there is no registered adder/accumulator following the multiply function, two pipeline stages are suggested to allow both the MREG and PREG registers to be used.  If the DSP48 was instantiated in the design, it is suggested to set both the MREG and PREG attributes to 1 when performing multiply functions.
Related violations: <none>

DPREG-4#1 Warning
DSP48E1_PregDynOpmodeZmuxP:  
The DSP48E1 cell zynq_system_i/mips_core_0/inst/cpu_top/EXE/fp_add/U0/i_synth/ADDSUB_OP.ADDSUB/SPEED_OP.DSP.OP/DSP48E1_BODY.ALIGN_ADD/DSP2/DSP with the given dynamic OPMODE[6:0] connections may lead to an unregistered asynchronous feedback path without the PREG attribute enabled. Please refer to the user guide and if one of the internal P feedback opmodes is possible for this design the PREG attribute must be set to 1, currently set to 0
Related violations: <none>

REQP-1839#1 Warning
RAMB36 async control check  
The RAMB36E1 zynq_system_i/mips_core_0/inst/cpu_top/IF/instr_mem/mem_reg_0 has an input control pin zynq_system_i/mips_core_0/inst/cpu_top/IF/instr_mem/mem_reg_0/ADDRARDADDR[10] (net: zynq_system_i/mips_core_0/inst/cpu_top/IF/instr_mem/addra[6]) which is driven by a register (zynq_system_i/mips_core_0/inst/ahb_ctrl/cpu_rstn_reg) that has an active asychronous set or reset. This may cause corruption of the memory contents and/or read values when the set/reset is asserted and is not analyzed by the default static timing analysis. It is suggested to eliminate the use of a set/reset to registers driving this RAMB pin or else use a synchronous reset in which the assertion of the reset is timed by default.
Related violations: <none>

REQP-1839#2 Warning
RAMB36 async control check  
The RAMB36E1 zynq_system_i/mips_core_0/inst/cpu_top/IF/instr_mem/mem_reg_0 has an input control pin zynq_system_i/mips_core_0/inst/cpu_top/IF/instr_mem/mem_reg_0/ADDRARDADDR[10] (net: zynq_system_i/mips_core_0/inst/cpu_top/IF/instr_mem/addra[6]) which is driven by a register (zynq_system_i/mips_core_0/inst/cpu_top/IF/fetch_pc_reg[8]) that has an active asychronous set or reset. This may cause corruption of the memory contents and/or read values when the set/reset is asserted and is not analyzed by the default static timing analysis. It is suggested to eliminate the use of a set/reset to registers driving this RAMB pin or else use a synchronous reset in which the assertion of the reset is timed by default.
Related violations: <none>

REQP-1839#3 Warning
RAMB36 async control check  
The RAMB36E1 zynq_system_i/mips_core_0/inst/cpu_top/IF/instr_mem/mem_reg_0 has an input control pin zynq_system_i/mips_core_0/inst/cpu_top/IF/instr_mem/mem_reg_0/ADDRARDADDR[11] (net: zynq_system_i/mips_core_0/inst/cpu_top/IF/instr_mem/addra[7]) which is driven by a register (zynq_system_i/mips_core_0/inst/ahb_ctrl/cpu_rstn_reg) that has an active asychronous set or reset. This may cause corruption of the memory contents and/or read values when the set/reset is asserted and is not analyzed by the default static timing analysis. It is suggested to eliminate the use of a set/reset to registers driving this RAMB pin or else use a synchronous reset in which the assertion of the reset is timed by default.
Related violations: <none>

REQP-1839#4 Warning
RAMB36 async control check  
The RAMB36E1 zynq_system_i/mips_core_0/inst/cpu_top/IF/instr_mem/mem_reg_0 has an input control pin zynq_system_i/mips_core_0/inst/cpu_top/IF/instr_mem/mem_reg_0/ADDRARDADDR[11] (net: zynq_system_i/mips_core_0/inst/cpu_top/IF/instr_mem/addra[7]) which is driven by a register (zynq_system_i/mips_core_0/inst/cpu_top/IF/fetch_pc_reg[9]) that has an active asychronous set or reset. This may cause corruption of the memory contents and/or read values when the set/reset is asserted and is not analyzed by the default static timing analysis. It is suggested to eliminate the use of a set/reset to registers driving this RAMB pin or else use a synchronous reset in which the assertion of the reset is timed by default.
Related violations: <none>

REQP-1839#5 Warning
RAMB36 async control check  
The RAMB36E1 zynq_system_i/mips_core_0/inst/cpu_top/IF/instr_mem/mem_reg_0 has an input control pin zynq_system_i/mips_core_0/inst/cpu_top/IF/instr_mem/mem_reg_0/ADDRARDADDR[12] (net: zynq_system_i/mips_core_0/inst/cpu_top/IF/instr_mem/addra[8]) which is driven by a register (zynq_system_i/mips_core_0/inst/ahb_ctrl/cpu_rstn_reg) that has an active asychronous set or reset. This may cause corruption of the memory contents and/or read values when the set/reset is asserted and is not analyzed by the default static timing analysis. It is suggested to eliminate the use of a set/reset to registers driving this RAMB pin or else use a synchronous reset in which the assertion of the reset is timed by default.
Related violations: <none>

REQP-1839#6 Warning
RAMB36 async control check  
The RAMB36E1 zynq_system_i/mips_core_0/inst/cpu_top/IF/instr_mem/mem_reg_0 has an input control pin zynq_system_i/mips_core_0/inst/cpu_top/IF/instr_mem/mem_reg_0/ADDRARDADDR[12] (net: zynq_system_i/mips_core_0/inst/cpu_top/IF/instr_mem/addra[8]) which is driven by a register (zynq_system_i/mips_core_0/inst/cpu_top/IF/fetch_pc_reg[10]) that has an active asychronous set or reset. This may cause corruption of the memory contents and/or read values when the set/reset is asserted and is not analyzed by the default static timing analysis. It is suggested to eliminate the use of a set/reset to registers driving this RAMB pin or else use a synchronous reset in which the assertion of the reset is timed by default.
Related violations: <none>

REQP-1839#7 Warning
RAMB36 async control check  
The RAMB36E1 zynq_system_i/mips_core_0/inst/cpu_top/IF/instr_mem/mem_reg_0 has an input control pin zynq_system_i/mips_core_0/inst/cpu_top/IF/instr_mem/mem_reg_0/ADDRARDADDR[13] (net: zynq_system_i/mips_core_0/inst/cpu_top/IF/instr_mem/addra[9]) which is driven by a register (zynq_system_i/mips_core_0/inst/ahb_ctrl/cpu_rstn_reg) that has an active asychronous set or reset. This may cause corruption of the memory contents and/or read values when the set/reset is asserted and is not analyzed by the default static timing analysis. It is suggested to eliminate the use of a set/reset to registers driving this RAMB pin or else use a synchronous reset in which the assertion of the reset is timed by default.
Related violations: <none>

REQP-1839#8 Warning
RAMB36 async control check  
The RAMB36E1 zynq_system_i/mips_core_0/inst/cpu_top/IF/instr_mem/mem_reg_0 has an input control pin zynq_system_i/mips_core_0/inst/cpu_top/IF/instr_mem/mem_reg_0/ADDRARDADDR[14] (net: zynq_system_i/mips_core_0/inst/cpu_top/IF/instr_mem/addra[10]) which is driven by a register (zynq_system_i/mips_core_0/inst/ahb_ctrl/cpu_rstn_reg) that has an active asychronous set or reset. This may cause corruption of the memory contents and/or read values when the set/reset is asserted and is not analyzed by the default static timing analysis. It is suggested to eliminate the use of a set/reset to registers driving this RAMB pin or else use a synchronous reset in which the assertion of the reset is timed by default.
Related violations: <none>

REQP-1839#9 Warning
RAMB36 async control check  
The RAMB36E1 zynq_system_i/mips_core_0/inst/cpu_top/IF/instr_mem/mem_reg_0 has an input control pin zynq_system_i/mips_core_0/inst/cpu_top/IF/instr_mem/mem_reg_0/ADDRARDADDR[4] (net: zynq_system_i/mips_core_0/inst/cpu_top/IF/instr_mem/addra[0]) which is driven by a register (zynq_system_i/mips_core_0/inst/ahb_ctrl/cpu_rstn_reg) that has an active asychronous set or reset. This may cause corruption of the memory contents and/or read values when the set/reset is asserted and is not analyzed by the default static timing analysis. It is suggested to eliminate the use of a set/reset to registers driving this RAMB pin or else use a synchronous reset in which the assertion of the reset is timed by default.
Related violations: <none>

REQP-1839#10 Warning
RAMB36 async control check  
The RAMB36E1 zynq_system_i/mips_core_0/inst/cpu_top/IF/instr_mem/mem_reg_0 has an input control pin zynq_system_i/mips_core_0/inst/cpu_top/IF/instr_mem/mem_reg_0/ADDRARDADDR[4] (net: zynq_system_i/mips_core_0/inst/cpu_top/IF/instr_mem/addra[0]) which is driven by a register (zynq_system_i/mips_core_0/inst/cpu_top/IF/fetch_pc_reg[2]) that has an active asychronous set or reset. This may cause corruption of the memory contents and/or read values when the set/reset is asserted and is not analyzed by the default static timing analysis. It is suggested to eliminate the use of a set/reset to registers driving this RAMB pin or else use a synchronous reset in which the assertion of the reset is timed by default.
Related violations: <none>

REQP-1839#11 Warning
RAMB36 async control check  
The RAMB36E1 zynq_system_i/mips_core_0/inst/cpu_top/IF/instr_mem/mem_reg_0 has an input control pin zynq_system_i/mips_core_0/inst/cpu_top/IF/instr_mem/mem_reg_0/ADDRARDADDR[5] (net: zynq_system_i/mips_core_0/inst/cpu_top/IF/instr_mem/addra[1]) which is driven by a register (zynq_system_i/mips_core_0/inst/ahb_ctrl/cpu_rstn_reg) that has an active asychronous set or reset. This may cause corruption of the memory contents and/or read values when the set/reset is asserted and is not analyzed by the default static timing analysis. It is suggested to eliminate the use of a set/reset to registers driving this RAMB pin or else use a synchronous reset in which the assertion of the reset is timed by default.
Related violations: <none>

REQP-1839#12 Warning
RAMB36 async control check  
The RAMB36E1 zynq_system_i/mips_core_0/inst/cpu_top/IF/instr_mem/mem_reg_0 has an input control pin zynq_system_i/mips_core_0/inst/cpu_top/IF/instr_mem/mem_reg_0/ADDRARDADDR[5] (net: zynq_system_i/mips_core_0/inst/cpu_top/IF/instr_mem/addra[1]) which is driven by a register (zynq_system_i/mips_core_0/inst/cpu_top/IF/fetch_pc_reg[3]) that has an active asychronous set or reset. This may cause corruption of the memory contents and/or read values when the set/reset is asserted and is not analyzed by the default static timing analysis. It is suggested to eliminate the use of a set/reset to registers driving this RAMB pin or else use a synchronous reset in which the assertion of the reset is timed by default.
Related violations: <none>

REQP-1839#13 Warning
RAMB36 async control check  
The RAMB36E1 zynq_system_i/mips_core_0/inst/cpu_top/IF/instr_mem/mem_reg_0 has an input control pin zynq_system_i/mips_core_0/inst/cpu_top/IF/instr_mem/mem_reg_0/ADDRARDADDR[6] (net: zynq_system_i/mips_core_0/inst/cpu_top/IF/instr_mem/addra[2]) which is driven by a register (zynq_system_i/mips_core_0/inst/ahb_ctrl/cpu_rstn_reg) that has an active asychronous set or reset. This may cause corruption of the memory contents and/or read values when the set/reset is asserted and is not analyzed by the default static timing analysis. It is suggested to eliminate the use of a set/reset to registers driving this RAMB pin or else use a synchronous reset in which the assertion of the reset is timed by default.
Related violations: <none>

REQP-1839#14 Warning
RAMB36 async control check  
The RAMB36E1 zynq_system_i/mips_core_0/inst/cpu_top/IF/instr_mem/mem_reg_0 has an input control pin zynq_system_i/mips_core_0/inst/cpu_top/IF/instr_mem/mem_reg_0/ADDRARDADDR[6] (net: zynq_system_i/mips_core_0/inst/cpu_top/IF/instr_mem/addra[2]) which is driven by a register (zynq_system_i/mips_core_0/inst/cpu_top/IF/fetch_pc_reg[4]) that has an active asychronous set or reset. This may cause corruption of the memory contents and/or read values when the set/reset is asserted and is not analyzed by the default static timing analysis. It is suggested to eliminate the use of a set/reset to registers driving this RAMB pin or else use a synchronous reset in which the assertion of the reset is timed by default.
Related violations: <none>

REQP-1839#15 Warning
RAMB36 async control check  
The RAMB36E1 zynq_system_i/mips_core_0/inst/cpu_top/IF/instr_mem/mem_reg_0 has an input control pin zynq_system_i/mips_core_0/inst/cpu_top/IF/instr_mem/mem_reg_0/ADDRARDADDR[7] (net: zynq_system_i/mips_core_0/inst/cpu_top/IF/instr_mem/addra[3]) which is driven by a register (zynq_system_i/mips_core_0/inst/ahb_ctrl/cpu_rstn_reg) that has an active asychronous set or reset. This may cause corruption of the memory contents and/or read values when the set/reset is asserted and is not analyzed by the default static timing analysis. It is suggested to eliminate the use of a set/reset to registers driving this RAMB pin or else use a synchronous reset in which the assertion of the reset is timed by default.
Related violations: <none>

REQP-1839#16 Warning
RAMB36 async control check  
The RAMB36E1 zynq_system_i/mips_core_0/inst/cpu_top/IF/instr_mem/mem_reg_0 has an input control pin zynq_system_i/mips_core_0/inst/cpu_top/IF/instr_mem/mem_reg_0/ADDRARDADDR[7] (net: zynq_system_i/mips_core_0/inst/cpu_top/IF/instr_mem/addra[3]) which is driven by a register (zynq_system_i/mips_core_0/inst/cpu_top/IF/fetch_pc_reg[5]) that has an active asychronous set or reset. This may cause corruption of the memory contents and/or read values when the set/reset is asserted and is not analyzed by the default static timing analysis. It is suggested to eliminate the use of a set/reset to registers driving this RAMB pin or else use a synchronous reset in which the assertion of the reset is timed by default.
Related violations: <none>

REQP-1839#17 Warning
RAMB36 async control check  
The RAMB36E1 zynq_system_i/mips_core_0/inst/cpu_top/IF/instr_mem/mem_reg_0 has an input control pin zynq_system_i/mips_core_0/inst/cpu_top/IF/instr_mem/mem_reg_0/ADDRARDADDR[8] (net: zynq_system_i/mips_core_0/inst/cpu_top/IF/instr_mem/addra[4]) which is driven by a register (zynq_system_i/mips_core_0/inst/ahb_ctrl/cpu_rstn_reg) that has an active asychronous set or reset. This may cause corruption of the memory contents and/or read values when the set/reset is asserted and is not analyzed by the default static timing analysis. It is suggested to eliminate the use of a set/reset to registers driving this RAMB pin or else use a synchronous reset in which the assertion of the reset is timed by default.
Related violations: <none>

REQP-1839#18 Warning
RAMB36 async control check  
The RAMB36E1 zynq_system_i/mips_core_0/inst/cpu_top/IF/instr_mem/mem_reg_0 has an input control pin zynq_system_i/mips_core_0/inst/cpu_top/IF/instr_mem/mem_reg_0/ADDRARDADDR[8] (net: zynq_system_i/mips_core_0/inst/cpu_top/IF/instr_mem/addra[4]) which is driven by a register (zynq_system_i/mips_core_0/inst/cpu_top/IF/fetch_pc_reg[6]) that has an active asychronous set or reset. This may cause corruption of the memory contents and/or read values when the set/reset is asserted and is not analyzed by the default static timing analysis. It is suggested to eliminate the use of a set/reset to registers driving this RAMB pin or else use a synchronous reset in which the assertion of the reset is timed by default.
Related violations: <none>

REQP-1839#19 Warning
RAMB36 async control check  
The RAMB36E1 zynq_system_i/mips_core_0/inst/cpu_top/IF/instr_mem/mem_reg_0 has an input control pin zynq_system_i/mips_core_0/inst/cpu_top/IF/instr_mem/mem_reg_0/ADDRARDADDR[9] (net: zynq_system_i/mips_core_0/inst/cpu_top/IF/instr_mem/addra[5]) which is driven by a register (zynq_system_i/mips_core_0/inst/ahb_ctrl/cpu_rstn_reg) that has an active asychronous set or reset. This may cause corruption of the memory contents and/or read values when the set/reset is asserted and is not analyzed by the default static timing analysis. It is suggested to eliminate the use of a set/reset to registers driving this RAMB pin or else use a synchronous reset in which the assertion of the reset is timed by default.
Related violations: <none>

REQP-1839#20 Warning
RAMB36 async control check  
The RAMB36E1 zynq_system_i/mips_core_0/inst/cpu_top/IF/instr_mem/mem_reg_0 has an input control pin zynq_system_i/mips_core_0/inst/cpu_top/IF/instr_mem/mem_reg_0/ADDRARDADDR[9] (net: zynq_system_i/mips_core_0/inst/cpu_top/IF/instr_mem/addra[5]) which is driven by a register (zynq_system_i/mips_core_0/inst/cpu_top/IF/fetch_pc_reg[7]) that has an active asychronous set or reset. This may cause corruption of the memory contents and/or read values when the set/reset is asserted and is not analyzed by the default static timing analysis. It is suggested to eliminate the use of a set/reset to registers driving this RAMB pin or else use a synchronous reset in which the assertion of the reset is timed by default.
Related violations: <none>

AVAL-4#1 Advisory
enum_USE_DPORT_FALSE_enum_DREG_ADREG_0_connects_CED_CEAD_RSTD_GND  
zynq_system_i/mips_core_0/inst/cpu_top/EXE/fp_add/U0/i_synth/ADDSUB_OP.ADDSUB/SPEED_OP.DSP.OP/DSP48E1_BODY.NORM_RND/FULL_USAGE_DSP.SHIFT_RND/DSP: DSP48E1 is not using the D port (USE_DPORT = FALSE). For improved power characteristics, set DREG and ADREG to '1', tie CED, CEAD, and RSTD to logic '0'.
Related violations: <none>

REQP-1725#1 Advisory
DSP_Abus_sign_bit_alert  
zynq_system_i/mips_core_0/inst/cpu_top/EXE/fp_add/U0/i_synth/ADDSUB_OP.ADDSUB/SPEED_OP.DSP.OP/DSP48E1_BODY.ALIGN_ADD/DSP2/DSP: When using the PreAdder and USE_DPORT is TRUE, the A operand should be restricted to 24 bit two's complement (and sign extended) to avoid over/underflow in the pre-add stage.
Related violations: <none>


