
*** Running vivado
    with args -log zynq_system_proc_sys_reset_0_0.vds -m64 -product Vivado -mode batch -messageDb vivado.pb -notrace -source zynq_system_proc_sys_reset_0_0.tcl


****** Vivado v2017.3 (64-bit)
  **** SW Build 2018833 on Wed Oct  4 19:58:22 MDT 2017
  **** IP Build 2016188 on Wed Oct  4 21:52:56 MDT 2017
    ** Copyright 1986-2017 Xilinx, Inc. All Rights Reserved.

source zynq_system_proc_sys_reset_0_0.tcl -notrace
Starting RTL Elaboration : Time (s): cpu = 00:00:10 ; elapsed = 00:00:10 . Memory (MB): peak = 393.105 ; gain = 94.859
INFO: [Synth 8-638] synthesizing module 'zynq_system_proc_sys_reset_0_0' [c:/Users/ryan4/Desktop/CO_LAB/LAB6/practice/vivado/zynq_system/zynq_system.srcs/sources_1/bd/zynq_system/ip/zynq_system_proc_sys_reset_0_0/synth/zynq_system_proc_sys_reset_0_0.vhd:74]
INFO: [Synth 8-638] synthesizing module 'proc_sys_reset' [c:/Users/ryan4/Desktop/CO_LAB/LAB6/practice/vivado/zynq_system/zynq_system.srcs/sources_1/bd/zynq_system/ipshared/f86a/hdl/proc_sys_reset_v5_0_vh_rfs.vhd:1323]
INFO: [Synth 8-638] synthesizing module 'lpf' [c:/Users/ryan4/Desktop/CO_LAB/LAB6/practice/vivado/zynq_system/zynq_system.srcs/sources_1/bd/zynq_system/ipshared/f86a/hdl/proc_sys_reset_v5_0_vh_rfs.vhd:816]
INFO: [Synth 8-638] synthesizing module 'SRL16' [D:/xilinix/Vivado/2017.3/scripts/rt/data/unisim_comp.v:50689]
INFO: [Synth 8-256] done synthesizing module 'SRL16' (1#1) [D:/xilinix/Vivado/2017.3/scripts/rt/data/unisim_comp.v:50689]
INFO: [Synth 8-638] synthesizing module 'cdc_sync' [c:/Users/ryan4/Desktop/CO_LAB/LAB6/practice/vivado/zynq_system/zynq_system.srcs/sources_1/bd/zynq_system/ipshared/ef1e/hdl/lib_cdc_v1_0_rfs.vhd:106]
INFO: [Synth 8-256] done synthesizing module 'cdc_sync' (2#1) [c:/Users/ryan4/Desktop/CO_LAB/LAB6/practice/vivado/zynq_system/zynq_system.srcs/sources_1/bd/zynq_system/ipshared/ef1e/hdl/lib_cdc_v1_0_rfs.vhd:106]
INFO: [Synth 8-256] done synthesizing module 'lpf' (3#1) [c:/Users/ryan4/Desktop/CO_LAB/LAB6/practice/vivado/zynq_system/zynq_system.srcs/sources_1/bd/zynq_system/ipshared/f86a/hdl/proc_sys_reset_v5_0_vh_rfs.vhd:816]
INFO: [Synth 8-638] synthesizing module 'sequence_psr' [c:/Users/ryan4/Desktop/CO_LAB/LAB6/practice/vivado/zynq_system/zynq_system.srcs/sources_1/bd/zynq_system/ipshared/f86a/hdl/proc_sys_reset_v5_0_vh_rfs.vhd:301]
INFO: [Synth 8-638] synthesizing module 'upcnt_n' [c:/Users/ryan4/Desktop/CO_LAB/LAB6/practice/vivado/zynq_system/zynq_system.srcs/sources_1/bd/zynq_system/ipshared/f86a/hdl/proc_sys_reset_v5_0_vh_rfs.vhd:125]
INFO: [Synth 8-256] done synthesizing module 'upcnt_n' (4#1) [c:/Users/ryan4/Desktop/CO_LAB/LAB6/practice/vivado/zynq_system/zynq_system.srcs/sources_1/bd/zynq_system/ipshared/f86a/hdl/proc_sys_reset_v5_0_vh_rfs.vhd:125]
INFO: [Synth 8-256] done synthesizing module 'sequence_psr' (5#1) [c:/Users/ryan4/Desktop/CO_LAB/LAB6/practice/vivado/zynq_system/zynq_system.srcs/sources_1/bd/zynq_system/ipshared/f86a/hdl/proc_sys_reset_v5_0_vh_rfs.vhd:301]
INFO: [Synth 8-256] done synthesizing module 'proc_sys_reset' (6#1) [c:/Users/ryan4/Desktop/CO_LAB/LAB6/practice/vivado/zynq_system/zynq_system.srcs/sources_1/bd/zynq_system/ipshared/f86a/hdl/proc_sys_reset_v5_0_vh_rfs.vhd:1323]
INFO: [Synth 8-256] done synthesizing module 'zynq_system_proc_sys_reset_0_0' (7#1) [c:/Users/ryan4/Desktop/CO_LAB/LAB6/practice/vivado/zynq_system/zynq_system.srcs/sources_1/bd/zynq_system/ip/zynq_system_proc_sys_reset_0_0/synth/zynq_system_proc_sys_reset_0_0.vhd:74]
Finished RTL Elaboration : Time (s): cpu = 00:00:11 ; elapsed = 00:00:12 . Memory (MB): peak = 435.562 ; gain = 137.316
Finished RTL Optimization Phase 1 : Time (s): cpu = 00:00:11 ; elapsed = 00:00:12 . Memory (MB): peak = 435.562 ; gain = 137.316
INFO: [Device 21-403] Loading part xc7z020clg484-1
Constraint Validation Runtime : Time (s): cpu = 00:00:00 ; elapsed = 00:00:00.016 . Memory (MB): peak = 767.664 ; gain = 0.000
Finished Constraint Validation : Time (s): cpu = 00:00:26 ; elapsed = 00:00:28 . Memory (MB): peak = 767.664 ; gain = 469.418
Finished Loading Part and Timing Information : Time (s): cpu = 00:00:26 ; elapsed = 00:00:28 . Memory (MB): peak = 767.664 ; gain = 469.418
Finished applying 'set_property' XDC Constraints : Time (s): cpu = 00:00:26 ; elapsed = 00:00:28 . Memory (MB): peak = 767.664 ; gain = 469.418
Finished RTL Optimization Phase 2 : Time (s): cpu = 00:00:27 ; elapsed = 00:00:28 . Memory (MB): peak = 767.664 ; gain = 469.418
Finished Cross Boundary and Area Optimization : Time (s): cpu = 00:00:27 ; elapsed = 00:00:29 . Memory (MB): peak = 767.664 ; gain = 469.418
Finished Applying XDC Timing Constraints : Time (s): cpu = 00:00:39 ; elapsed = 00:00:41 . Memory (MB): peak = 767.664 ; gain = 469.418
Finished Timing Optimization : Time (s): cpu = 00:00:39 ; elapsed = 00:00:41 . Memory (MB): peak = 767.664 ; gain = 469.418
Finished Technology Mapping : Time (s): cpu = 00:00:39 ; elapsed = 00:00:41 . Memory (MB): peak = 767.664 ; gain = 469.418
Finished IO Insertion : Time (s): cpu = 00:00:40 ; elapsed = 00:00:42 . Memory (MB): peak = 767.664 ; gain = 469.418
Finished Renaming Generated Instances : Time (s): cpu = 00:00:40 ; elapsed = 00:00:42 . Memory (MB): peak = 767.664 ; gain = 469.418
Finished Rebuilding User Hierarchy : Time (s): cpu = 00:00:40 ; elapsed = 00:00:42 . Memory (MB): peak = 767.664 ; gain = 469.418
Finished Renaming Generated Ports : Time (s): cpu = 00:00:40 ; elapsed = 00:00:42 . Memory (MB): peak = 767.664 ; gain = 469.418
Finished Handling Custom Attributes : Time (s): cpu = 00:00:40 ; elapsed = 00:00:42 . Memory (MB): peak = 767.664 ; gain = 469.418
Finished Renaming Generated Nets : Time (s): cpu = 00:00:40 ; elapsed = 00:00:42 . Memory (MB): peak = 767.664 ; gain = 469.418

Report Cell Usage: 
+------+------+------+
|      |Cell  |Count |
+------+------+------+
|1     |LUT1  |     5|
|2     |LUT2  |     9|
|3     |LUT3  |     1|
|4     |LUT4  |     6|
|5     |LUT5  |     3|
|6     |LUT6  |     1|
|7     |SRL16 |     1|
|8     |FDR   |     8|
|9     |FDRE  |    28|
|10    |FDSE  |     4|
+------+------+------+
Finished Writing Synthesis Report : Time (s): cpu = 00:00:40 ; elapsed = 00:00:42 . Memory (MB): peak = 767.664 ; gain = 469.418
synth_design: Time (s): cpu = 00:00:41 ; elapsed = 00:00:44 . Memory (MB): peak = 767.664 ; gain = 477.262
