
*** Running vivado
    with args -log zynq_system_auto_pc_0.vds -m64 -product Vivado -mode batch -messageDb vivado.pb -notrace -source zynq_system_auto_pc_0.tcl


****** Vivado v2017.3 (64-bit)
  **** SW Build 2018833 on Wed Oct  4 19:58:22 MDT 2017
  **** IP Build 2016188 on Wed Oct  4 21:52:56 MDT 2017
    ** Copyright 1986-2017 Xilinx, Inc. All Rights Reserved.

source zynq_system_auto_pc_0.tcl -notrace
Starting RTL Elaboration : Time (s): cpu = 00:00:12 ; elapsed = 00:00:13 . Memory (MB): peak = 399.621 ; gain = 98.785
INFO: [Synth 8-638] synthesizing module 'zynq_system_auto_pc_0' [c:/Users/ryan4/Desktop/CO_LAB/LAB6/practice/vivado/zynq_system/zynq_system.srcs/sources_1/bd/zynq_system/ip/zynq_system_auto_pc_0/synth/zynq_system_auto_pc_0.v:58]
INFO: [Synth 8-638] synthesizing module 'axi_protocol_converter_v2_1_14_axi_protocol_converter' [c:/Users/ryan4/Desktop/CO_LAB/LAB6/practice/vivado/zynq_system/zynq_system.srcs/sources_1/bd/zynq_system/ipshared/33cc/hdl/axi_protocol_converter_v2_1_vl_rfs.v:4811]
INFO: [Synth 8-256] done synthesizing module 'axi_protocol_converter_v2_1_14_axi_protocol_converter' (1#1) [c:/Users/ryan4/Desktop/CO_LAB/LAB6/practice/vivado/zynq_system/zynq_system.srcs/sources_1/bd/zynq_system/ipshared/33cc/hdl/axi_protocol_converter_v2_1_vl_rfs.v:4811]
INFO: [Synth 8-256] done synthesizing module 'zynq_system_auto_pc_0' (2#1) [c:/Users/ryan4/Desktop/CO_LAB/LAB6/practice/vivado/zynq_system/zynq_system.srcs/sources_1/bd/zynq_system/ip/zynq_system_auto_pc_0/synth/zynq_system_auto_pc_0.v:58]
Finished RTL Elaboration : Time (s): cpu = 00:00:52 ; elapsed = 00:00:54 . Memory (MB): peak = 521.742 ; gain = 220.906
Finished RTL Optimization Phase 1 : Time (s): cpu = 00:00:52 ; elapsed = 00:00:55 . Memory (MB): peak = 521.742 ; gain = 220.906
INFO: [Device 21-403] Loading part xc7z020clg484-1
Constraint Validation Runtime : Time (s): cpu = 00:00:00 ; elapsed = 00:00:00.013 . Memory (MB): peak = 675.445 ; gain = 0.000
Finished Constraint Validation : Time (s): cpu = 00:01:03 ; elapsed = 00:01:06 . Memory (MB): peak = 675.445 ; gain = 374.609
Finished Loading Part and Timing Information : Time (s): cpu = 00:01:03 ; elapsed = 00:01:06 . Memory (MB): peak = 675.445 ; gain = 374.609
Finished applying 'set_property' XDC Constraints : Time (s): cpu = 00:01:03 ; elapsed = 00:01:06 . Memory (MB): peak = 675.445 ; gain = 374.609
Finished RTL Optimization Phase 2 : Time (s): cpu = 00:01:03 ; elapsed = 00:01:06 . Memory (MB): peak = 675.445 ; gain = 374.609
Finished Cross Boundary and Area Optimization : Time (s): cpu = 00:01:03 ; elapsed = 00:01:06 . Memory (MB): peak = 675.445 ; gain = 374.609
Finished Applying XDC Timing Constraints : Time (s): cpu = 00:01:12 ; elapsed = 00:01:14 . Memory (MB): peak = 711.875 ; gain = 411.039
Finished Timing Optimization : Time (s): cpu = 00:01:12 ; elapsed = 00:01:14 . Memory (MB): peak = 711.875 ; gain = 411.039
Finished Technology Mapping : Time (s): cpu = 00:01:12 ; elapsed = 00:01:14 . Memory (MB): peak = 723.020 ; gain = 422.184
Finished IO Insertion : Time (s): cpu = 00:01:12 ; elapsed = 00:01:15 . Memory (MB): peak = 723.020 ; gain = 422.184
Finished Renaming Generated Instances : Time (s): cpu = 00:01:12 ; elapsed = 00:01:15 . Memory (MB): peak = 723.020 ; gain = 422.184
Finished Rebuilding User Hierarchy : Time (s): cpu = 00:01:12 ; elapsed = 00:01:15 . Memory (MB): peak = 723.020 ; gain = 422.184
Finished Renaming Generated Ports : Time (s): cpu = 00:01:12 ; elapsed = 00:01:15 . Memory (MB): peak = 723.020 ; gain = 422.184
Finished Handling Custom Attributes : Time (s): cpu = 00:01:12 ; elapsed = 00:01:15 . Memory (MB): peak = 723.020 ; gain = 422.184
Finished Renaming Generated Nets : Time (s): cpu = 00:01:12 ; elapsed = 00:01:15 . Memory (MB): peak = 723.020 ; gain = 422.184

Report Cell Usage: 
+-+-----+------+
| |Cell |Count |
+-+-----+------+
+-+-----+------+
Finished Writing Synthesis Report : Time (s): cpu = 00:01:12 ; elapsed = 00:01:15 . Memory (MB): peak = 723.020 ; gain = 422.184
synth_design: Time (s): cpu = 00:01:14 ; elapsed = 00:01:16 . Memory (MB): peak = 741.613 ; gain = 451.172
