
*** Running vivado
    with args -log fp_add.vds -m64 -product Vivado -mode batch -messageDb vivado.pb -notrace -source fp_add.tcl


****** Vivado v2017.3 (64-bit)
  **** SW Build 2018833 on Wed Oct  4 19:58:22 MDT 2017
  **** IP Build 2016188 on Wed Oct  4 21:52:56 MDT 2017
    ** Copyright 1986-2017 Xilinx, Inc. All Rights Reserved.

source fp_add.tcl -notrace
Starting Synthesize : Time (s): cpu = 00:00:08 ; elapsed = 00:00:07 . Memory (MB): peak = 392.492 ; gain = 94.805
INFO: [Synth 8-638] synthesizing module 'fp_add' [c:/Users/ryan4/Desktop/CO_LAB/LAB6/practice/vivado/mips_core/mips_core.srcs/sources_1/ip/fp_add/synth/fp_add.vhd:70]
INFO: [Synth 8-256] done synthesizing module 'fp_add' (18#1) [c:/Users/ryan4/Desktop/CO_LAB/LAB6/practice/vivado/mips_core/mips_core.srcs/sources_1/ip/fp_add/synth/fp_add.vhd:70]
Finished Synthesize : Time (s): cpu = 00:00:13 ; elapsed = 00:00:13 . Memory (MB): peak = 484.672 ; gain = 186.984
Finished Constraint Validation : Time (s): cpu = 00:00:13 ; elapsed = 00:00:13 . Memory (MB): peak = 484.672 ; gain = 186.984
Finished Loading Part and Timing Information : Time (s): cpu = 00:00:13 ; elapsed = 00:00:13 . Memory (MB): peak = 484.672 ; gain = 186.984
INFO: [Device 21-403] Loading part xc7z020clg484-1
Finished RTL Optimization Phase 2 : Time (s): cpu = 00:00:14 ; elapsed = 00:00:13 . Memory (MB): peak = 501.938 ; gain = 204.250
Finished Cross Boundary and Area Optimization : Time (s): cpu = 00:00:18 ; elapsed = 00:00:17 . Memory (MB): peak = 621.555 ; gain = 323.867
Finished Timing Optimization : Time (s): cpu = 00:00:18 ; elapsed = 00:00:17 . Memory (MB): peak = 621.555 ; gain = 323.867
Finished Technology Mapping : Time (s): cpu = 00:00:18 ; elapsed = 00:00:17 . Memory (MB): peak = 621.555 ; gain = 323.867
Finished IO Insertion : Time (s): cpu = 00:00:18 ; elapsed = 00:00:18 . Memory (MB): peak = 621.555 ; gain = 323.867
Finished Renaming Generated Instances : Time (s): cpu = 00:00:18 ; elapsed = 00:00:18 . Memory (MB): peak = 621.555 ; gain = 323.867
Finished Rebuilding User Hierarchy : Time (s): cpu = 00:00:18 ; elapsed = 00:00:18 . Memory (MB): peak = 621.555 ; gain = 323.867
Finished Renaming Generated Ports : Time (s): cpu = 00:00:18 ; elapsed = 00:00:18 . Memory (MB): peak = 621.555 ; gain = 323.867
Finished Handling Custom Attributes : Time (s): cpu = 00:00:18 ; elapsed = 00:00:18 . Memory (MB): peak = 621.555 ; gain = 323.867
Finished Renaming Generated Nets : Time (s): cpu = 00:00:18 ; elapsed = 00:00:18 . Memory (MB): peak = 621.555 ; gain = 323.867

Report Cell Usage: 
+------+--------+------+
|      |Cell    |Count |
+------+--------+------+
|1     |CARRY4  |     3|
|2     |DSP48E1 |     2|
|3     |LUT1    |     4|
|4     |LUT2    |    23|
|5     |LUT3    |    61|
|6     |LUT4    |    44|
|7     |LUT5    |    60|
|8     |LUT6    |    70|
|9     |MUXCY   |    58|
|10    |XORCY   |    17|
+------+--------+------+
Finished Writing Synthesis Report : Time (s): cpu = 00:00:18 ; elapsed = 00:00:18 . Memory (MB): peak = 621.555 ; gain = 323.867
synth_design: Time (s): cpu = 00:00:20 ; elapsed = 00:00:20 . Memory (MB): peak = 692.105 ; gain = 402.559
write_checkpoint: Time (s): cpu = 00:00:10 ; elapsed = 00:00:10 . Memory (MB): peak = 1055.086 ; gain = 362.980
