
*** Running vivado
    with args -log fp_mul.vds -m64 -product Vivado -mode batch -messageDb vivado.pb -notrace -source fp_mul.tcl


****** Vivado v2017.3 (64-bit)
  **** SW Build 2018833 on Wed Oct  4 19:58:22 MDT 2017
  **** IP Build 2016188 on Wed Oct  4 21:52:56 MDT 2017
    ** Copyright 1986-2017 Xilinx, Inc. All Rights Reserved.

source fp_mul.tcl -notrace
Starting Synthesize : Time (s): cpu = 00:00:07 ; elapsed = 00:00:07 . Memory (MB): peak = 392.277 ; gain = 94.496
INFO: [Synth 8-638] synthesizing module 'fp_mul' [c:/Users/ryan4/Desktop/CO_LAB/LAB6/homework/vivado/mips_core/mips_core.srcs/sources_1/ip/fp_mul/synth/fp_mul.vhd:70]
INFO: [Synth 8-256] done synthesizing module 'fp_mul' (20#1) [c:/Users/ryan4/Desktop/CO_LAB/LAB6/homework/vivado/mips_core/mips_core.srcs/sources_1/ip/fp_mul/synth/fp_mul.vhd:70]
Finished Synthesize : Time (s): cpu = 00:00:15 ; elapsed = 00:00:15 . Memory (MB): peak = 492.473 ; gain = 194.691
Finished Constraint Validation : Time (s): cpu = 00:00:15 ; elapsed = 00:00:15 . Memory (MB): peak = 492.473 ; gain = 194.691
Finished Loading Part and Timing Information : Time (s): cpu = 00:00:15 ; elapsed = 00:00:15 . Memory (MB): peak = 492.473 ; gain = 194.691
INFO: [Device 21-403] Loading part xc7z020clg484-1
Finished RTL Optimization Phase 2 : Time (s): cpu = 00:00:16 ; elapsed = 00:00:16 . Memory (MB): peak = 495.992 ; gain = 198.211
Finished Cross Boundary and Area Optimization : Time (s): cpu = 00:00:19 ; elapsed = 00:00:19 . Memory (MB): peak = 620.293 ; gain = 322.512
Finished Timing Optimization : Time (s): cpu = 00:00:20 ; elapsed = 00:00:19 . Memory (MB): peak = 620.293 ; gain = 322.512
Finished Technology Mapping : Time (s): cpu = 00:00:20 ; elapsed = 00:00:19 . Memory (MB): peak = 620.293 ; gain = 322.512
Finished IO Insertion : Time (s): cpu = 00:00:20 ; elapsed = 00:00:20 . Memory (MB): peak = 620.293 ; gain = 322.512
Finished Renaming Generated Instances : Time (s): cpu = 00:00:20 ; elapsed = 00:00:20 . Memory (MB): peak = 620.293 ; gain = 322.512
Finished Rebuilding User Hierarchy : Time (s): cpu = 00:00:20 ; elapsed = 00:00:20 . Memory (MB): peak = 620.293 ; gain = 322.512
Finished Renaming Generated Ports : Time (s): cpu = 00:00:20 ; elapsed = 00:00:20 . Memory (MB): peak = 620.293 ; gain = 322.512
Finished Handling Custom Attributes : Time (s): cpu = 00:00:20 ; elapsed = 00:00:20 . Memory (MB): peak = 620.293 ; gain = 322.512
Finished Renaming Generated Nets : Time (s): cpu = 00:00:20 ; elapsed = 00:00:20 . Memory (MB): peak = 620.293 ; gain = 322.512

Report Cell Usage: 
+------+--------+------+
|      |Cell    |Count |
+------+--------+------+
|1     |DSP48E1 |     2|
|2     |LUT1    |     2|
|3     |LUT2    |     9|
|4     |LUT3    |    25|
|5     |LUT4    |    30|
|6     |LUT5    |     9|
|7     |LUT6    |    25|
|8     |MUXCY   |    50|
|9     |XORCY   |    39|
+------+--------+------+
Finished Writing Synthesis Report : Time (s): cpu = 00:00:20 ; elapsed = 00:00:20 . Memory (MB): peak = 620.293 ; gain = 322.512
synth_design: Time (s): cpu = 00:00:22 ; elapsed = 00:00:22 . Memory (MB): peak = 690.109 ; gain = 400.551
write_checkpoint: Time (s): cpu = 00:00:10 ; elapsed = 00:00:10 . Memory (MB): peak = 1054.098 ; gain = 363.988
